2023-11-02T22:09:58.807+07:00  INFO 8072 --- [restartedMain] c.e.admin.EcommerceBackEndApplication    : Starting EcommerceBackEndApplication using Java 17.0.8.1 with PID 8072 (D:\Java\ShopEcommerce\EcommerceProject\EcommerceWebParent\EcommerceBackEnd\target\classes started by Admin in D:\Java\ShopEcommerce\EcommerceProject\EcommerceWebParent\EcommerceBackEnd)
2023-11-02T22:09:58.809+07:00  INFO 8072 --- [restartedMain] c.e.admin.EcommerceBackEndApplication    : No active profile set, falling back to 1 default profile: "default"
2023-11-02T22:09:59.105+07:00  INFO 8072 --- [restartedMain] .s.d.r.c.RepositoryConfigurationDelegate : Bootstrapping Spring Data JPA repositories in DEFAULT mode.
2023-11-02T22:09:59.121+07:00  INFO 8072 --- [restartedMain] .s.d.r.c.RepositoryConfigurationDelegate : Finished Spring Data repository scanning in 15 ms. Found 2 JPA repository interfaces.
2023-11-02T22:09:59.272+07:00  INFO 8072 --- [restartedMain] o.s.b.w.embedded.tomcat.TomcatWebServer  : Tomcat initialized with port(s): 8080 (http)
2023-11-02T22:09:59.273+07:00  INFO 8072 --- [restartedMain] o.apache.catalina.core.StandardService   : Starting service [Tomcat]
2023-11-02T22:09:59.273+07:00  INFO 8072 --- [restartedMain] o.apache.catalina.core.StandardEngine    : Starting Servlet engine: [Apache Tomcat/10.1.15]
2023-11-02T22:09:59.291+07:00  INFO 8072 --- [restartedMain] o.a.c.c.C.[.[.[/EcommerceAdmin]          : Initializing Spring embedded WebApplicationContext
2023-11-02T22:09:59.291+07:00  INFO 8072 --- [restartedMain] w.s.c.ServletWebServerApplicationContext : Root WebApplicationContext: initialization completed in 477 ms
2023-11-02T22:09:59.383+07:00  INFO 8072 --- [restartedMain] o.hibernate.jpa.internal.util.LogHelper  : HHH000204: Processing PersistenceUnitInfo [name: default]
2023-11-02T22:09:59.391+07:00  INFO 8072 --- [restartedMain] o.s.o.j.p.SpringPersistenceUnitInfo      : No LoadTimeWeaver setup: ignoring JPA class transformer
2023-11-02T22:09:59.393+07:00  INFO 8072 --- [restartedMain] com.zaxxer.hikari.HikariDataSource       : HikariPool-3 - Starting...
2023-11-02T22:09:59.408+07:00  INFO 8072 --- [restartedMain] com.zaxxer.hikari.pool.HikariPool        : HikariPool-3 - Added connection com.mysql.cj.jdbc.ConnectionImpl@44acc173
2023-11-02T22:09:59.408+07:00  INFO 8072 --- [restartedMain] com.zaxxer.hikari.HikariDataSource       : HikariPool-3 - Start completed.
2023-11-02T22:09:59.410+07:00  WARN 8072 --- [restartedMain] org.hibernate.orm.deprecation            : HHH90000025: MySQLDialect does not need to be specified explicitly using 'hibernate.dialect' (remove the property setting and it will be selected by default)
2023-11-02T22:09:59.450+07:00  INFO 8072 --- [restartedMain] o.h.e.t.j.p.i.JtaPlatformInitiator       : HHH000489: No JTA platform available (set 'hibernate.transaction.jta.platform' to enable JTA platform integration)
2023-11-02T22:09:59.478+07:00  INFO 8072 --- [restartedMain] j.LocalContainerEntityManagerFactoryBean : Initialized JPA EntityManagerFactory for persistence unit 'default'
2023-11-02T22:09:59.587+07:00  WARN 8072 --- [restartedMain] JpaBaseConfiguration$JpaWebConfiguration : spring.jpa.open-in-view is enabled by default. Therefore, database queries may be performed during view rendering. Explicitly configure spring.jpa.open-in-view to disable this warning
2023-11-02T22:09:59.616+07:00  INFO 8072 --- [restartedMain] o.s.b.a.w.s.WelcomePageHandlerMapping    : Adding welcome page template: index
2023-11-02T22:09:59.902+07:00  INFO 8072 --- [restartedMain] o.s.s.web.DefaultSecurityFilterChain     : Will secure any request with [org.springframework.security.web.session.DisableEncodeUrlFilter@2b40f3d8, org.springframework.security.web.context.request.async.WebAsyncManagerIntegrationFilter@7c220f3, org.springframework.security.web.context.SecurityContextHolderFilter@12875cb9, org.springframework.security.web.header.HeaderWriterFilter@74b97899, org.springframework.security.web.authentication.logout.LogoutFilter@29e99ebf, org.springframework.security.web.authentication.UsernamePasswordAuthenticationFilter@c6317cc, org.springframework.security.web.savedrequest.RequestCacheAwareFilter@4f1dda43, org.springframework.security.web.servletapi.SecurityContextHolderAwareRequestFilter@1f0faed2, org.springframework.security.web.authentication.rememberme.RememberMeAuthenticationFilter@29f7cf82, org.springframework.security.web.authentication.AnonymousAuthenticationFilter@138b8ab0, org.springframework.security.web.access.ExceptionTranslationFilter@12f8574d, org.springframework.security.web.access.intercept.AuthorizationFilter@51afa03b]
2023-11-02T22:09:59.974+07:00  INFO 8072 --- [restartedMain] o.s.b.d.a.OptionalLiveReloadServer       : LiveReload server is running on port 35729
2023-11-02T22:09:59.987+07:00  INFO 8072 --- [restartedMain] o.s.b.w.embedded.tomcat.TomcatWebServer  : Tomcat started on port(s): 8080 (http) with context path '/EcommerceAdmin'
2023-11-02T22:09:59.994+07:00  INFO 8072 --- [restartedMain] c.e.admin.EcommerceBackEndApplication    : Started EcommerceBackEndApplication in 1.271 seconds (process running for 617.053)
2023-11-02T22:09:59.996+07:00  INFO 8072 --- [restartedMain] .ConditionEvaluationDeltaLoggingListener : Condition evaluation unchanged
2023-11-02T22:10:16.472+07:00  INFO 8072 --- [RMI TCP Connection(18)-127.0.0.1] inMXBeanRegistrar$SpringApplicationAdmin : Application shutdown requested.
2023-11-02T22:10:16.489+07:00  INFO 8072 --- [RMI TCP Connection(18)-127.0.0.1] o.apache.catalina.core.StandardService   : Stopping service [Tomcat]
2023-11-02T22:10:16.495+07:00  INFO 8072 --- [RMI TCP Connection(18)-127.0.0.1] j.LocalContainerEntityManagerFactoryBean : Closing JPA EntityManagerFactory for persistence unit 'default'
2023-11-02T22:10:16.496+07:00  INFO 8072 --- [RMI TCP Connection(18)-127.0.0.1] com.zaxxer.hikari.HikariDataSource       : HikariPool-3 - Shutdown initiated...
2023-11-02T22:10:16.501+07:00  INFO 8072 --- [RMI TCP Connection(18)-127.0.0.1] com.zaxxer.hikari.HikariDataSource       : HikariPool-3 - Shutdown completed.
2023-11-02T22:10:18.929+07:00  INFO 3776 --- [restartedMain] c.e.admin.EcommerceBackEndApplication    : Starting EcommerceBackEndApplication using Java 17.0.8.1 with PID 3776 (D:\Java\ShopEcommerce\EcommerceProject\EcommerceWebParent\EcommerceBackEnd\target\classes started by Admin in D:\Java\ShopEcommerce\EcommerceProject\EcommerceWebParent\EcommerceBackEnd)
2023-11-02T22:10:18.932+07:00  INFO 3776 --- [restartedMain] c.e.admin.EcommerceBackEndApplication    : No active profile set, falling back to 1 default profile: "default"
2023-11-02T22:10:19.017+07:00  INFO 3776 --- [restartedMain] .e.DevToolsPropertyDefaultsPostProcessor : Devtools property defaults active! Set 'spring.devtools.add-properties' to 'false' to disable
2023-11-02T22:10:19.017+07:00  INFO 3776 --- [restartedMain] .e.DevToolsPropertyDefaultsPostProcessor : For additional web related logging consider setting the 'logging.level.web' property to 'DEBUG'
2023-11-02T22:10:19.885+07:00  INFO 3776 --- [restartedMain] .s.d.r.c.RepositoryConfigurationDelegate : Bootstrapping Spring Data JPA repositories in DEFAULT mode.
2023-11-02T22:10:19.970+07:00  INFO 3776 --- [restartedMain] .s.d.r.c.RepositoryConfigurationDelegate : Finished Spring Data repository scanning in 74 ms. Found 2 JPA repository interfaces.
2023-11-02T22:10:20.753+07:00  INFO 3776 --- [restartedMain] o.s.b.w.embedded.tomcat.TomcatWebServer  : Tomcat initialized with port(s): 8080 (http)
2023-11-02T22:10:20.783+07:00  INFO 3776 --- [restartedMain] o.apache.catalina.core.StandardService   : Starting service [Tomcat]
2023-11-02T22:10:20.784+07:00  INFO 3776 --- [restartedMain] o.apache.catalina.core.StandardEngine    : Starting Servlet engine: [Apache Tomcat/10.1.15]
2023-11-02T22:10:20.959+07:00  INFO 3776 --- [restartedMain] o.a.c.c.C.[.[.[/EcommerceAdmin]          : Initializing Spring embedded WebApplicationContext
2023-11-02T22:10:20.959+07:00  INFO 3776 --- [restartedMain] w.s.c.ServletWebServerApplicationContext : Root WebApplicationContext: initialization completed in 1941 ms
2023-11-02T22:10:21.252+07:00  INFO 3776 --- [restartedMain] o.hibernate.jpa.internal.util.LogHelper  : HHH000204: Processing PersistenceUnitInfo [name: default]
2023-11-02T22:10:21.357+07:00  INFO 3776 --- [restartedMain] org.hibernate.Version                    : HHH000412: Hibernate ORM core version 6.2.13.Final
2023-11-02T22:10:21.361+07:00  INFO 3776 --- [restartedMain] org.hibernate.cfg.Environment            : HHH000406: Using bytecode reflection optimizer
2023-11-02T22:10:21.785+07:00  INFO 3776 --- [restartedMain] o.s.o.j.p.SpringPersistenceUnitInfo      : No LoadTimeWeaver setup: ignoring JPA class transformer
2023-11-02T22:10:21.837+07:00  INFO 3776 --- [restartedMain] com.zaxxer.hikari.HikariDataSource       : HikariPool-1 - Starting...
2023-11-02T22:10:22.226+07:00  INFO 3776 --- [restartedMain] com.zaxxer.hikari.pool.HikariPool        : HikariPool-1 - Added connection com.mysql.cj.jdbc.ConnectionImpl@4e10c3c2
2023-11-02T22:10:22.229+07:00  INFO 3776 --- [restartedMain] com.zaxxer.hikari.HikariDataSource       : HikariPool-1 - Start completed.
2023-11-02T22:10:22.294+07:00  WARN 3776 --- [restartedMain] org.hibernate.orm.deprecation            : HHH90000025: MySQLDialect does not need to be specified explicitly using 'hibernate.dialect' (remove the property setting and it will be selected by default)
2023-11-02T22:10:23.431+07:00  INFO 3776 --- [restartedMain] o.h.e.t.j.p.i.JtaPlatformInitiator       : HHH000489: No JTA platform available (set 'hibernate.transaction.jta.platform' to enable JTA platform integration)
2023-11-02T22:10:23.514+07:00  INFO 3776 --- [restartedMain] j.LocalContainerEntityManagerFactoryBean : Initialized JPA EntityManagerFactory for persistence unit 'default'
2023-11-02T22:10:23.821+07:00  INFO 3776 --- [restartedMain] o.s.d.j.r.query.QueryEnhancerFactory     : Hibernate is in classpath; If applicable, HQL parser will be used.
2023-11-02T22:10:24.408+07:00  WARN 3776 --- [restartedMain] JpaBaseConfiguration$JpaWebConfiguration : spring.jpa.open-in-view is enabled by default. Therefore, database queries may be performed during view rendering. Explicitly configure spring.jpa.open-in-view to disable this warning
2023-11-02T22:10:24.509+07:00  INFO 3776 --- [restartedMain] o.s.b.a.w.s.WelcomePageHandlerMapping    : Adding welcome page template: index
2023-11-02T22:10:24.961+07:00  INFO 3776 --- [restartedMain] o.s.s.web.DefaultSecurityFilterChain     : Will secure any request with [org.springframework.security.web.session.DisableEncodeUrlFilter@7760dcfe, org.springframework.security.web.context.request.async.WebAsyncManagerIntegrationFilter@3f5ab8d1, org.springframework.security.web.context.SecurityContextHolderFilter@12a539b, org.springframework.security.web.header.HeaderWriterFilter@b78519e, org.springframework.security.web.authentication.logout.LogoutFilter@3782d6ce, org.springframework.security.web.authentication.UsernamePasswordAuthenticationFilter@134608d8, org.springframework.security.web.savedrequest.RequestCacheAwareFilter@698119f0, org.springframework.security.web.servletapi.SecurityContextHolderAwareRequestFilter@5dcdb440, org.springframework.security.web.authentication.rememberme.RememberMeAuthenticationFilter@3319aa, org.springframework.security.web.authentication.AnonymousAuthenticationFilter@27bc08d9, org.springframework.security.web.access.ExceptionTranslationFilter@7cb5fec4, org.springframework.security.web.access.intercept.AuthorizationFilter@ffb7be9]
2023-11-02T22:10:25.165+07:00  INFO 3776 --- [restartedMain] o.s.b.d.a.OptionalLiveReloadServer       : LiveReload server is running on port 35729
2023-11-02T22:10:25.227+07:00  INFO 3776 --- [restartedMain] o.s.b.w.embedded.tomcat.TomcatWebServer  : Tomcat started on port(s): 8080 (http) with context path '/EcommerceAdmin'
2023-11-02T22:10:25.236+07:00  INFO 3776 --- [restartedMain] c.e.admin.EcommerceBackEndApplication    : Started EcommerceBackEndApplication in 6.886 seconds (process running for 7.687)
2023-11-02T22:11:34.972+07:00  INFO 3776 --- [RMI TCP Connection(10)-127.0.0.1] inMXBeanRegistrar$SpringApplicationAdmin : Application shutdown requested.
2023-11-02T22:11:34.993+07:00  INFO 3776 --- [RMI TCP Connection(10)-127.0.0.1] o.apache.catalina.core.StandardService   : Stopping service [Tomcat]
2023-11-02T22:11:35.005+07:00  INFO 3776 --- [RMI TCP Connection(10)-127.0.0.1] j.LocalContainerEntityManagerFactoryBean : Closing JPA EntityManagerFactory for persistence unit 'default'
2023-11-02T22:11:35.008+07:00  INFO 3776 --- [RMI TCP Connection(10)-127.0.0.1] com.zaxxer.hikari.HikariDataSource       : HikariPool-1 - Shutdown initiated...
2023-11-02T22:11:35.017+07:00  INFO 3776 --- [RMI TCP Connection(10)-127.0.0.1] com.zaxxer.hikari.HikariDataSource       : HikariPool-1 - Shutdown completed.
2023-11-02T22:11:37.471+07:00  INFO 15492 --- [restartedMain] c.e.admin.EcommerceBackEndApplication    : Starting EcommerceBackEndApplication using Java 17.0.8.1 with PID 15492 (D:\Java\ShopEcommerce\EcommerceProject\EcommerceWebParent\EcommerceBackEnd\target\classes started by Admin in D:\Java\ShopEcommerce\EcommerceProject\EcommerceWebParent\EcommerceBackEnd)
2023-11-02T22:11:37.474+07:00  INFO 15492 --- [restartedMain] c.e.admin.EcommerceBackEndApplication    : No active profile set, falling back to 1 default profile: "default"
2023-11-02T22:11:37.560+07:00  INFO 15492 --- [restartedMain] .e.DevToolsPropertyDefaultsPostProcessor : Devtools property defaults active! Set 'spring.devtools.add-properties' to 'false' to disable
2023-11-02T22:11:37.560+07:00  INFO 15492 --- [restartedMain] .e.DevToolsPropertyDefaultsPostProcessor : For additional web related logging consider setting the 'logging.level.web' property to 'DEBUG'
2023-11-02T22:11:38.531+07:00  INFO 15492 --- [restartedMain] .s.d.r.c.RepositoryConfigurationDelegate : Bootstrapping Spring Data JPA repositories in DEFAULT mode.
2023-11-02T22:11:38.616+07:00  INFO 15492 --- [restartedMain] .s.d.r.c.RepositoryConfigurationDelegate : Finished Spring Data repository scanning in 77 ms. Found 2 JPA repository interfaces.
2023-11-02T22:11:39.647+07:00  INFO 15492 --- [restartedMain] o.s.b.w.embedded.tomcat.TomcatWebServer  : Tomcat initialized with port(s): 8080 (http)
2023-11-02T22:11:39.657+07:00  INFO 15492 --- [restartedMain] o.apache.catalina.core.StandardService   : Starting service [Tomcat]
2023-11-02T22:11:39.657+07:00  INFO 15492 --- [restartedMain] o.apache.catalina.core.StandardEngine    : Starting Servlet engine: [Apache Tomcat/10.1.15]
2023-11-02T22:11:39.736+07:00  INFO 15492 --- [restartedMain] o.a.c.c.C.[.[.[/EcommerceAdmin]          : Initializing Spring embedded WebApplicationContext
2023-11-02T22:11:39.736+07:00  INFO 15492 --- [restartedMain] w.s.c.ServletWebServerApplicationContext : Root WebApplicationContext: initialization completed in 2175 ms
2023-11-02T22:11:39.991+07:00  INFO 15492 --- [restartedMain] o.hibernate.jpa.internal.util.LogHelper  : HHH000204: Processing PersistenceUnitInfo [name: default]
2023-11-02T22:11:40.061+07:00  INFO 15492 --- [restartedMain] org.hibernate.Version                    : HHH000412: Hibernate ORM core version 6.2.13.Final
2023-11-02T22:11:40.064+07:00  INFO 15492 --- [restartedMain] org.hibernate.cfg.Environment            : HHH000406: Using bytecode reflection optimizer
2023-11-02T22:11:40.434+07:00  INFO 15492 --- [restartedMain] o.s.o.j.p.SpringPersistenceUnitInfo      : No LoadTimeWeaver setup: ignoring JPA class transformer
2023-11-02T22:11:40.466+07:00  INFO 15492 --- [restartedMain] com.zaxxer.hikari.HikariDataSource       : HikariPool-1 - Starting...
2023-11-02T22:11:40.792+07:00  INFO 15492 --- [restartedMain] com.zaxxer.hikari.pool.HikariPool        : HikariPool-1 - Added connection com.mysql.cj.jdbc.ConnectionImpl@29cc55d5
2023-11-02T22:11:40.795+07:00  INFO 15492 --- [restartedMain] com.zaxxer.hikari.HikariDataSource       : HikariPool-1 - Start completed.
2023-11-02T22:11:40.852+07:00  WARN 15492 --- [restartedMain] org.hibernate.orm.deprecation            : HHH90000025: MySQLDialect does not need to be specified explicitly using 'hibernate.dialect' (remove the property setting and it will be selected by default)
2023-11-02T22:11:41.866+07:00  INFO 15492 --- [restartedMain] o.h.e.t.j.p.i.JtaPlatformInitiator       : HHH000489: No JTA platform available (set 'hibernate.transaction.jta.platform' to enable JTA platform integration)
2023-11-02T22:11:41.945+07:00  INFO 15492 --- [restartedMain] j.LocalContainerEntityManagerFactoryBean : Initialized JPA EntityManagerFactory for persistence unit 'default'
2023-11-02T22:11:42.265+07:00  INFO 15492 --- [restartedMain] o.s.d.j.r.query.QueryEnhancerFactory     : Hibernate is in classpath; If applicable, HQL parser will be used.
2023-11-02T22:11:42.803+07:00  WARN 15492 --- [restartedMain] JpaBaseConfiguration$JpaWebConfiguration : spring.jpa.open-in-view is enabled by default. Therefore, database queries may be performed during view rendering. Explicitly configure spring.jpa.open-in-view to disable this warning
2023-11-02T22:11:42.911+07:00  INFO 15492 --- [restartedMain] o.s.b.a.w.s.WelcomePageHandlerMapping    : Adding welcome page template: index
2023-11-02T22:11:43.575+07:00  INFO 15492 --- [restartedMain] o.s.s.web.DefaultSecurityFilterChain     : Will secure any request with [org.springframework.security.web.session.DisableEncodeUrlFilter@746f68c1, org.springframework.security.web.context.request.async.WebAsyncManagerIntegrationFilter@140cc185, org.springframework.security.web.context.SecurityContextHolderFilter@7d46437, org.springframework.security.web.header.HeaderWriterFilter@411269c7, org.springframework.security.web.authentication.logout.LogoutFilter@452e9557, org.springframework.security.web.authentication.UsernamePasswordAuthenticationFilter@6e65f97e, org.springframework.security.web.savedrequest.RequestCacheAwareFilter@3374fc01, org.springframework.security.web.servletapi.SecurityContextHolderAwareRequestFilter@6c3d2be1, org.springframework.security.web.authentication.rememberme.RememberMeAuthenticationFilter@39caf3b7, org.springframework.security.web.authentication.AnonymousAuthenticationFilter@7ab5cff8, org.springframework.security.web.access.ExceptionTranslationFilter@6fa9268, org.springframework.security.web.access.intercept.AuthorizationFilter@4359e3f3]
2023-11-02T22:11:43.806+07:00  INFO 15492 --- [restartedMain] o.s.b.d.a.OptionalLiveReloadServer       : LiveReload server is running on port 35729
2023-11-02T22:11:43.846+07:00  INFO 15492 --- [restartedMain] o.s.b.w.embedded.tomcat.TomcatWebServer  : Tomcat started on port(s): 8080 (http) with context path '/EcommerceAdmin'
2023-11-02T22:11:43.855+07:00  INFO 15492 --- [restartedMain] c.e.admin.EcommerceBackEndApplication    : Started EcommerceBackEndApplication in 6.815 seconds (process running for 7.587)
2023-11-02T22:19:39.495+07:00  INFO 15492 --- [File Watcher] rtingClassPathChangeChangedEventListener : Restarting due to 1 class path change (0 additions, 0 deletions, 1 modification)
2023-11-02T22:19:39.530+07:00  INFO 15492 --- [Thread-5] o.apache.catalina.core.StandardService   : Stopping service [Tomcat]
2023-11-02T22:19:39.544+07:00  INFO 15492 --- [Thread-5] j.LocalContainerEntityManagerFactoryBean : Closing JPA EntityManagerFactory for persistence unit 'default'
2023-11-02T22:19:39.548+07:00  INFO 15492 --- [Thread-5] com.zaxxer.hikari.HikariDataSource       : HikariPool-1 - Shutdown initiated...
2023-11-02T22:19:39.558+07:00  INFO 15492 --- [Thread-5] com.zaxxer.hikari.HikariDataSource       : HikariPool-1 - Shutdown completed.
2023-11-02T22:19:39.654+07:00  INFO 15492 --- [restartedMain] c.e.admin.EcommerceBackEndApplication    : Starting EcommerceBackEndApplication using Java 17.0.8.1 with PID 15492 (D:\Java\ShopEcommerce\EcommerceProject\EcommerceWebParent\EcommerceBackEnd\target\classes started by Admin in D:\Java\ShopEcommerce\EcommerceProject\EcommerceWebParent\EcommerceBackEnd)
2023-11-02T22:19:39.655+07:00  INFO 15492 --- [restartedMain] c.e.admin.EcommerceBackEndApplication    : No active profile set, falling back to 1 default profile: "default"
2023-11-02T22:19:39.864+07:00  INFO 15492 --- [restartedMain] .s.d.r.c.RepositoryConfigurationDelegate : Bootstrapping Spring Data JPA repositories in DEFAULT mode.
2023-11-02T22:19:39.882+07:00  INFO 15492 --- [restartedMain] .s.d.r.c.RepositoryConfigurationDelegate : Finished Spring Data repository scanning in 14 ms. Found 2 JPA repository interfaces.
2023-11-02T22:19:40.024+07:00  INFO 15492 --- [restartedMain] o.s.b.w.embedded.tomcat.TomcatWebServer  : Tomcat initialized with port(s): 8080 (http)
2023-11-02T22:19:40.025+07:00  INFO 15492 --- [restartedMain] o.apache.catalina.core.StandardService   : Starting service [Tomcat]
2023-11-02T22:19:40.025+07:00  INFO 15492 --- [restartedMain] o.apache.catalina.core.StandardEngine    : Starting Servlet engine: [Apache Tomcat/10.1.15]
2023-11-02T22:19:40.068+07:00  INFO 15492 --- [restartedMain] o.a.c.c.C.[.[.[/EcommerceAdmin]          : Initializing Spring embedded WebApplicationContext
2023-11-02T22:19:40.069+07:00  INFO 15492 --- [restartedMain] w.s.c.ServletWebServerApplicationContext : Root WebApplicationContext: initialization completed in 410 ms
2023-11-02T22:19:40.154+07:00  INFO 15492 --- [restartedMain] o.hibernate.jpa.internal.util.LogHelper  : HHH000204: Processing PersistenceUnitInfo [name: default]
2023-11-02T22:19:40.166+07:00  INFO 15492 --- [restartedMain] o.s.o.j.p.SpringPersistenceUnitInfo      : No LoadTimeWeaver setup: ignoring JPA class transformer
2023-11-02T22:19:40.166+07:00  INFO 15492 --- [restartedMain] com.zaxxer.hikari.HikariDataSource       : HikariPool-2 - Starting...
2023-11-02T22:19:40.192+07:00  INFO 15492 --- [restartedMain] com.zaxxer.hikari.pool.HikariPool        : HikariPool-2 - Added connection com.mysql.cj.jdbc.ConnectionImpl@2e4835bb
2023-11-02T22:19:40.192+07:00  INFO 15492 --- [restartedMain] com.zaxxer.hikari.HikariDataSource       : HikariPool-2 - Start completed.
2023-11-02T22:19:40.194+07:00  WARN 15492 --- [restartedMain] org.hibernate.orm.deprecation            : HHH90000025: MySQLDialect does not need to be specified explicitly using 'hibernate.dialect' (remove the property setting and it will be selected by default)
2023-11-02T22:19:40.276+07:00  INFO 15492 --- [restartedMain] o.h.e.t.j.p.i.JtaPlatformInitiator       : HHH000489: No JTA platform available (set 'hibernate.transaction.jta.platform' to enable JTA platform integration)
2023-11-02T22:19:40.329+07:00  INFO 15492 --- [restartedMain] j.LocalContainerEntityManagerFactoryBean : Initialized JPA EntityManagerFactory for persistence unit 'default'
2023-11-02T22:19:40.529+07:00  WARN 15492 --- [restartedMain] JpaBaseConfiguration$JpaWebConfiguration : spring.jpa.open-in-view is enabled by default. Therefore, database queries may be performed during view rendering. Explicitly configure spring.jpa.open-in-view to disable this warning
2023-11-02T22:19:40.562+07:00  INFO 15492 --- [restartedMain] o.s.b.a.w.s.WelcomePageHandlerMapping    : Adding welcome page template: index
2023-11-02T22:19:40.962+07:00  INFO 15492 --- [restartedMain] o.s.s.web.DefaultSecurityFilterChain     : Will secure any request with [org.springframework.security.web.session.DisableEncodeUrlFilter@275f885, org.springframework.security.web.context.request.async.WebAsyncManagerIntegrationFilter@72f2af2d, org.springframework.security.web.context.SecurityContextHolderFilter@3e60c0a7, org.springframework.security.web.header.HeaderWriterFilter@11ac9bf0, org.springframework.security.web.authentication.logout.LogoutFilter@1e0fa7dd, org.springframework.security.web.authentication.UsernamePasswordAuthenticationFilter@646914ed, org.springframework.security.web.savedrequest.RequestCacheAwareFilter@7cb47350, org.springframework.security.web.servletapi.SecurityContextHolderAwareRequestFilter@53545cc9, org.springframework.security.web.authentication.rememberme.RememberMeAuthenticationFilter@6fae11a2, org.springframework.security.web.authentication.AnonymousAuthenticationFilter@5e1003e2, org.springframework.security.web.access.ExceptionTranslationFilter@8b4ff70, org.springframework.security.web.access.intercept.AuthorizationFilter@78f110c6]
2023-11-02T22:19:41.064+07:00  INFO 15492 --- [restartedMain] o.s.b.d.a.OptionalLiveReloadServer       : LiveReload server is running on port 35729
2023-11-02T22:19:41.082+07:00  INFO 15492 --- [restartedMain] o.s.b.w.embedded.tomcat.TomcatWebServer  : Tomcat started on port(s): 8080 (http) with context path '/EcommerceAdmin'
2023-11-02T22:19:41.093+07:00  INFO 15492 --- [restartedMain] c.e.admin.EcommerceBackEndApplication    : Started EcommerceBackEndApplication in 1.471 seconds (process running for 484.824)
2023-11-02T22:19:41.096+07:00  INFO 15492 --- [restartedMain] .ConditionEvaluationDeltaLoggingListener : Condition evaluation unchanged
2023-11-02T23:05:52.660+07:00  INFO 15492 --- [File Watcher] rtingClassPathChangeChangedEventListener : Restarting due to 1 class path change (1 addition, 0 deletions, 0 modifications)
2023-11-02T23:05:52.981+07:00  INFO 15492 --- [Thread-7] o.apache.catalina.core.StandardService   : Stopping service [Tomcat]
2023-11-02T23:05:53.339+07:00  INFO 15492 --- [Thread-7] j.LocalContainerEntityManagerFactoryBean : Closing JPA EntityManagerFactory for persistence unit 'default'
2023-11-02T23:05:53.403+07:00  INFO 15492 --- [Thread-7] com.zaxxer.hikari.HikariDataSource       : HikariPool-2 - Shutdown initiated...
2023-11-02T23:05:53.422+07:00  INFO 15492 --- [Thread-7] com.zaxxer.hikari.HikariDataSource       : HikariPool-2 - Shutdown completed.
2023-11-02T23:05:54.303+07:00  INFO 15492 --- [restartedMain] c.e.admin.EcommerceBackEndApplication    : Starting EcommerceBackEndApplication using Java 17.0.8.1 with PID 15492 (D:\Java\ShopEcommerce\EcommerceProject\EcommerceWebParent\EcommerceBackEnd\target\classes started by Admin in D:\Java\ShopEcommerce\EcommerceProject\EcommerceWebParent\EcommerceBackEnd)
2023-11-02T23:05:54.304+07:00  INFO 15492 --- [restartedMain] c.e.admin.EcommerceBackEndApplication    : No active profile set, falling back to 1 default profile: "default"
2023-11-02T23:05:54.700+07:00  INFO 15492 --- [restartedMain] .s.d.r.c.RepositoryConfigurationDelegate : Bootstrapping Spring Data JPA repositories in DEFAULT mode.
2023-11-02T23:05:54.717+07:00  INFO 15492 --- [restartedMain] .s.d.r.c.RepositoryConfigurationDelegate : Finished Spring Data repository scanning in 16 ms. Found 2 JPA repository interfaces.
2023-11-02T23:05:54.965+07:00  INFO 15492 --- [restartedMain] o.s.b.w.embedded.tomcat.TomcatWebServer  : Tomcat initialized with port(s): 8080 (http)
2023-11-02T23:05:54.966+07:00  INFO 15492 --- [restartedMain] o.apache.catalina.core.StandardService   : Starting service [Tomcat]
2023-11-02T23:05:54.966+07:00  INFO 15492 --- [restartedMain] o.apache.catalina.core.StandardEngine    : Starting Servlet engine: [Apache Tomcat/10.1.15]
2023-11-02T23:05:55.013+07:00  INFO 15492 --- [restartedMain] o.a.c.c.C.[.[.[/EcommerceAdmin]          : Initializing Spring embedded WebApplicationContext
2023-11-02T23:05:55.018+07:00  INFO 15492 --- [restartedMain] w.s.c.ServletWebServerApplicationContext : Root WebApplicationContext: initialization completed in 707 ms
2023-11-02T23:05:55.113+07:00  INFO 15492 --- [restartedMain] o.hibernate.jpa.internal.util.LogHelper  : HHH000204: Processing PersistenceUnitInfo [name: default]
2023-11-02T23:05:55.174+07:00  INFO 15492 --- [restartedMain] o.s.o.j.p.SpringPersistenceUnitInfo      : No LoadTimeWeaver setup: ignoring JPA class transformer
2023-11-02T23:05:55.175+07:00  INFO 15492 --- [restartedMain] com.zaxxer.hikari.HikariDataSource       : HikariPool-3 - Starting...
2023-11-02T23:05:55.399+07:00  INFO 15492 --- [restartedMain] com.zaxxer.hikari.pool.HikariPool        : HikariPool-3 - Added connection com.mysql.cj.jdbc.ConnectionImpl@350b73c7
2023-11-02T23:05:55.412+07:00  INFO 15492 --- [restartedMain] com.zaxxer.hikari.HikariDataSource       : HikariPool-3 - Start completed.
2023-11-02T23:05:55.436+07:00  WARN 15492 --- [restartedMain] org.hibernate.orm.deprecation            : HHH90000025: MySQLDialect does not need to be specified explicitly using 'hibernate.dialect' (remove the property setting and it will be selected by default)
2023-11-02T23:05:56.161+07:00  INFO 15492 --- [restartedMain] o.h.e.t.j.p.i.JtaPlatformInitiator       : HHH000489: No JTA platform available (set 'hibernate.transaction.jta.platform' to enable JTA platform integration)
2023-11-02T23:05:56.786+07:00  INFO 15492 --- [restartedMain] j.LocalContainerEntityManagerFactoryBean : Initialized JPA EntityManagerFactory for persistence unit 'default'
2023-11-02T23:05:56.907+07:00  WARN 15492 --- [restartedMain] JpaBaseConfiguration$JpaWebConfiguration : spring.jpa.open-in-view is enabled by default. Therefore, database queries may be performed during view rendering. Explicitly configure spring.jpa.open-in-view to disable this warning
2023-11-02T23:05:56.930+07:00  INFO 15492 --- [restartedMain] o.s.b.a.w.s.WelcomePageHandlerMapping    : Adding welcome page template: index
2023-11-02T23:05:57.388+07:00  INFO 15492 --- [restartedMain] o.s.s.web.DefaultSecurityFilterChain     : Will secure any request with [org.springframework.security.web.session.DisableEncodeUrlFilter@749fd9bb, org.springframework.security.web.context.request.async.WebAsyncManagerIntegrationFilter@2528a877, org.springframework.security.web.context.SecurityContextHolderFilter@2e723b92, org.springframework.security.web.header.HeaderWriterFilter@7e159d1c, org.springframework.security.web.authentication.logout.LogoutFilter@77daea6f, org.springframework.security.web.authentication.UsernamePasswordAuthenticationFilter@34c6b0f3, org.springframework.security.web.savedrequest.RequestCacheAwareFilter@25a873f6, org.springframework.security.web.servletapi.SecurityContextHolderAwareRequestFilter@7cb59366, org.springframework.security.web.authentication.rememberme.RememberMeAuthenticationFilter@4d26b84c, org.springframework.security.web.authentication.AnonymousAuthenticationFilter@2468d509, org.springframework.security.web.access.ExceptionTranslationFilter@5d008885, org.springframework.security.web.access.intercept.AuthorizationFilter@302c2946]
2023-11-02T23:05:57.469+07:00  INFO 15492 --- [restartedMain] o.s.b.d.a.OptionalLiveReloadServer       : LiveReload server is running on port 35729
2023-11-02T23:05:57.482+07:00  INFO 15492 --- [restartedMain] o.s.b.w.embedded.tomcat.TomcatWebServer  : Tomcat started on port(s): 8080 (http) with context path '/EcommerceAdmin'
2023-11-02T23:05:57.487+07:00  INFO 15492 --- [restartedMain] c.e.admin.EcommerceBackEndApplication    : Started EcommerceBackEndApplication in 3.264 seconds (process running for 3261.219)
2023-11-02T23:05:57.489+07:00  INFO 15492 --- [restartedMain] .ConditionEvaluationDeltaLoggingListener : Condition evaluation unchanged
2023-11-02T23:05:58.925+07:00  INFO 15492 --- [File Watcher] rtingClassPathChangeChangedEventListener : Restarting due to 3 class path changes (0 additions, 0 deletions, 3 modifications)
2023-11-02T23:05:58.955+07:00  INFO 15492 --- [Thread-11] o.apache.catalina.core.StandardService   : Stopping service [Tomcat]
2023-11-02T23:05:58.959+07:00  INFO 15492 --- [Thread-11] j.LocalContainerEntityManagerFactoryBean : Closing JPA EntityManagerFactory for persistence unit 'default'
2023-11-02T23:05:58.960+07:00  INFO 15492 --- [Thread-11] com.zaxxer.hikari.HikariDataSource       : HikariPool-3 - Shutdown initiated...
2023-11-02T23:05:58.962+07:00  INFO 15492 --- [Thread-11] com.zaxxer.hikari.HikariDataSource       : HikariPool-3 - Shutdown completed.
2023-11-02T23:05:59.051+07:00  INFO 15492 --- [restartedMain] c.e.admin.EcommerceBackEndApplication    : Starting EcommerceBackEndApplication using Java 17.0.8.1 with PID 15492 (D:\Java\ShopEcommerce\EcommerceProject\EcommerceWebParent\EcommerceBackEnd\target\classes started by Admin in D:\Java\ShopEcommerce\EcommerceProject\EcommerceWebParent\EcommerceBackEnd)
2023-11-02T23:05:59.051+07:00  INFO 15492 --- [restartedMain] c.e.admin.EcommerceBackEndApplication    : No active profile set, falling back to 1 default profile: "default"
2023-11-02T23:05:59.209+07:00  INFO 15492 --- [restartedMain] .s.d.r.c.RepositoryConfigurationDelegate : Bootstrapping Spring Data JPA repositories in DEFAULT mode.
2023-11-02T23:05:59.217+07:00  INFO 15492 --- [restartedMain] .s.d.r.c.RepositoryConfigurationDelegate : Finished Spring Data repository scanning in 7 ms. Found 2 JPA repository interfaces.
2023-11-02T23:05:59.349+07:00  INFO 15492 --- [restartedMain] o.s.b.w.embedded.tomcat.TomcatWebServer  : Tomcat initialized with port(s): 8080 (http)
2023-11-02T23:05:59.350+07:00  INFO 15492 --- [restartedMain] o.apache.catalina.core.StandardService   : Starting service [Tomcat]
2023-11-02T23:05:59.350+07:00  INFO 15492 --- [restartedMain] o.apache.catalina.core.StandardEngine    : Starting Servlet engine: [Apache Tomcat/10.1.15]
2023-11-02T23:05:59.375+07:00  INFO 15492 --- [restartedMain] o.a.c.c.C.[.[.[/EcommerceAdmin]          : Initializing Spring embedded WebApplicationContext
2023-11-02T23:05:59.375+07:00  INFO 15492 --- [restartedMain] w.s.c.ServletWebServerApplicationContext : Root WebApplicationContext: initialization completed in 321 ms
2023-11-02T23:05:59.414+07:00  INFO 15492 --- [restartedMain] o.hibernate.jpa.internal.util.LogHelper  : HHH000204: Processing PersistenceUnitInfo [name: default]
2023-11-02T23:05:59.419+07:00  INFO 15492 --- [restartedMain] o.s.o.j.p.SpringPersistenceUnitInfo      : No LoadTimeWeaver setup: ignoring JPA class transformer
2023-11-02T23:05:59.419+07:00  INFO 15492 --- [restartedMain] com.zaxxer.hikari.HikariDataSource       : HikariPool-4 - Starting...
2023-11-02T23:05:59.430+07:00  INFO 15492 --- [restartedMain] com.zaxxer.hikari.pool.HikariPool        : HikariPool-4 - Added connection com.mysql.cj.jdbc.ConnectionImpl@61ff7021
2023-11-02T23:05:59.430+07:00  INFO 15492 --- [restartedMain] com.zaxxer.hikari.HikariDataSource       : HikariPool-4 - Start completed.
2023-11-02T23:05:59.431+07:00  WARN 15492 --- [restartedMain] org.hibernate.orm.deprecation            : HHH90000025: MySQLDialect does not need to be specified explicitly using 'hibernate.dialect' (remove the property setting and it will be selected by default)
2023-11-02T23:05:59.465+07:00  INFO 15492 --- [restartedMain] o.h.e.t.j.p.i.JtaPlatformInitiator       : HHH000489: No JTA platform available (set 'hibernate.transaction.jta.platform' to enable JTA platform integration)
2023-11-02T23:05:59.486+07:00  INFO 15492 --- [restartedMain] j.LocalContainerEntityManagerFactoryBean : Initialized JPA EntityManagerFactory for persistence unit 'default'
2023-11-02T23:05:59.579+07:00  WARN 15492 --- [restartedMain] JpaBaseConfiguration$JpaWebConfiguration : spring.jpa.open-in-view is enabled by default. Therefore, database queries may be performed during view rendering. Explicitly configure spring.jpa.open-in-view to disable this warning
2023-11-02T23:05:59.603+07:00  INFO 15492 --- [restartedMain] o.s.b.a.w.s.WelcomePageHandlerMapping    : Adding welcome page template: index
2023-11-02T23:05:59.910+07:00  INFO 15492 --- [restartedMain] o.s.s.web.DefaultSecurityFilterChain     : Will secure any request with [org.springframework.security.web.session.DisableEncodeUrlFilter@1ca49156, org.springframework.security.web.context.request.async.WebAsyncManagerIntegrationFilter@7a0786e8, org.springframework.security.web.context.SecurityContextHolderFilter@443b61dd, org.springframework.security.web.header.HeaderWriterFilter@18ba9c45, org.springframework.security.web.authentication.logout.LogoutFilter@2149e908, org.springframework.security.web.authentication.UsernamePasswordAuthenticationFilter@1659ba78, org.springframework.security.web.savedrequest.RequestCacheAwareFilter@11b9a3f8, org.springframework.security.web.servletapi.SecurityContextHolderAwareRequestFilter@72f7b02f, org.springframework.security.web.authentication.rememberme.RememberMeAuthenticationFilter@78b61012, org.springframework.security.web.authentication.AnonymousAuthenticationFilter@215669aa, org.springframework.security.web.access.ExceptionTranslationFilter@1dcfcc4c, org.springframework.security.web.access.intercept.AuthorizationFilter@320a99eb]
2023-11-02T23:05:59.952+07:00  INFO 15492 --- [restartedMain] o.s.b.d.a.OptionalLiveReloadServer       : LiveReload server is running on port 35729
2023-11-02T23:05:59.964+07:00  INFO 15492 --- [restartedMain] o.s.b.w.embedded.tomcat.TomcatWebServer  : Tomcat started on port(s): 8080 (http) with context path '/EcommerceAdmin'
2023-11-02T23:05:59.971+07:00  INFO 15492 --- [restartedMain] c.e.admin.EcommerceBackEndApplication    : Started EcommerceBackEndApplication in 0.948 seconds (process running for 3263.703)
2023-11-02T23:05:59.972+07:00  INFO 15492 --- [restartedMain] .ConditionEvaluationDeltaLoggingListener : Condition evaluation unchanged
2023-11-02T23:06:02.090+07:00  INFO 15492 --- [RMI TCP Connection(70)-127.0.0.1] inMXBeanRegistrar$SpringApplicationAdmin : Application shutdown requested.
2023-11-02T23:06:02.110+07:00  INFO 15492 --- [RMI TCP Connection(70)-127.0.0.1] o.apache.catalina.core.StandardService   : Stopping service [Tomcat]
2023-11-02T23:06:02.115+07:00  INFO 15492 --- [RMI TCP Connection(70)-127.0.0.1] j.LocalContainerEntityManagerFactoryBean : Closing JPA EntityManagerFactory for persistence unit 'default'
2023-11-02T23:06:02.116+07:00  INFO 15492 --- [RMI TCP Connection(70)-127.0.0.1] com.zaxxer.hikari.HikariDataSource       : HikariPool-4 - Shutdown initiated...
2023-11-02T23:06:02.120+07:00  INFO 15492 --- [RMI TCP Connection(70)-127.0.0.1] com.zaxxer.hikari.HikariDataSource       : HikariPool-4 - Shutdown completed.
